total 480K
drwxr-xr-x 2 runner docker 4.0K May  1 11:07 .
drwxr-xr-x 3 runner docker 4.0K May  1 11:07 ..
-rw-r--r-- 1 runner docker  566 May  1 11:07 index.html
-rw-r--r-- 1 runner docker 422K May  1 11:07 main.a3ed9c5b82f3d83228d8.js
-rw-r--r-- 1 runner docker  33K May  1 11:07 polyfills.61249712ff98a87fea6a.js
-rw-r--r-- 1 runner docker  499 May  1 11:07 styles.1620bfe86cca3951a762.js
-rw-r--r-- 1 runner docker   86 May  1 11:07 styles.ea198d9757440874694a.css
total 480K
drwxr-xr-x 2 runner docker 4.0K May  1 11:11 .
drwxr-xr-x 3 runner docker 4.0K May  1 11:11 ..
-rw-r--r-- 1 runner docker  566 May  1 11:11 index.html
-rw-r--r-- 1 runner docker 422K May  1 11:11 main.a3ed9c5b82f3d83228d8.js
-rw-r--r-- 1 runner docker  33K May  1 11:11 polyfills.61249712ff98a87fea6a.js
-rw-r--r-- 1 runner docker  499 May  1 11:11 styles.1620bfe86cca3951a762.js
-rw-r--r-- 1 runner docker   86 May  1 11:11 styles.ea198d9757440874694a.css
total 480K
drwxr-xr-x 2 runner docker 4.0K May  1 11:56 .
drwxr-xr-x 3 runner docker 4.0K May  1 11:56 ..
-rw-r--r-- 1 runner docker  566 May  1 11:56 index.html
-rw-r--r-- 1 runner docker 421K May  1 11:56 main.bc68a9280c84297332b5.js
-rw-r--r-- 1 runner docker  33K May  1 11:56 polyfills.60fe1a4e932056ef2c8f.js
-rw-r--r-- 1 runner docker  499 May  1 11:56 styles.1620bfe86cca3951a762.js
-rw-r--r-- 1 runner docker   86 May  1 11:56 styles.ea198d9757440874694a.css
total 480K
drwxr-xr-x 2 runner docker 4.0K May  1 11:59 .
drwxr-xr-x 3 runner docker 4.0K May  1 11:59 ..
-rw-r--r-- 1 runner docker  566 May  1 11:59 index.html
-rw-r--r-- 1 runner docker 421K May  1 11:59 main.f45a5ed4b2cda7770f92.js
-rw-r--r-- 1 runner docker  33K May  1 11:59 polyfills.20dc7a7b65695a6fa4c7.js
-rw-r--r-- 1 runner docker  499 May  1 11:59 styles.1620bfe86cca3951a762.js
-rw-r--r-- 1 runner docker   84 May  1 11:59 styles.8caa6477d1586f6b9492.css
total 480K
drwxr-xr-x 2 runner docker 4.0K May  1 12:36 .
drwxr-xr-x 3 runner docker 4.0K May  1 12:36 ..
-rw-r--r-- 1 runner docker  455 May  1 12:36 index.html
-rw-r--r-- 1 runner docker 421K May  1 12:36 main.f45a5ed4b2cda7770f92.js
-rw-r--r-- 1 runner docker  33K May  1 12:36 polyfills.20dc7a7b65695a6fa4c7.js
-rw-r--r-- 1 runner docker  499 May  1 12:36 styles.1620bfe86cca3951a762.js
-rw-r--r-- 1 runner docker   84 May  1 12:36 styles.8caa6477d1586f6b9492.css
total 480K
drwxr-xr-x 2 runner docker 4.0K May  1 12:49 .
drwxr-xr-x 3 runner docker 4.0K May  1 12:49 ..
-rw-r--r-- 1 runner docker  455 May  1 12:49 index.html
-rw-r--r-- 1 runner docker 421K May  1 12:49 main.f45a5ed4b2cda7770f92.js
-rw-r--r-- 1 runner docker  33K May  1 12:49 polyfills.20dc7a7b65695a6fa4c7.js
-rw-r--r-- 1 runner docker  499 May  1 12:49 styles.1620bfe86cca3951a762.js
-rw-r--r-- 1 runner docker   84 May  1 12:49 styles.8caa6477d1586f6b9492.css
total 480K
drwxr-xr-x 2 runner docker 4.0K May  1 12:50 .
drwxr-xr-x 3 runner docker 4.0K May  1 12:50 ..
-rw-r--r-- 1 runner docker  455 May  1 12:50 index.html
-rw-r--r-- 1 runner docker 421K May  1 12:50 main.f45a5ed4b2cda7770f92.js
-rw-r--r-- 1 runner docker  33K May  1 12:50 polyfills.20dc7a7b65695a6fa4c7.js
-rw-r--r-- 1 runner docker  499 May  1 12:50 styles.1620bfe86cca3951a762.js
-rw-r--r-- 1 runner docker   84 May  1 12:50 styles.8caa6477d1586f6b9492.css

 NX   Running targets build, build-wp, build-es for project ng-rspack:

- ng-rspack



::group::✅ > nx run ng-rspack:build-es:production

- Building...

[37m[1mInitial chunk files[22m  [2m | [22m[1mNames[22m        [2m | [22m [1mRaw size[22m[2m | [22m[1mEstimated transfer size[22m[39m
[37m[32mmain-MNAIRYWO.js[39m[37m     [2m | [22m[2mmain[22m         [2m | [22m[36m180.65 kB[39m[37m[2m | [22m               [36m48.62 kB[39m[37m[39m
[37m[32mpolyfills-7NI4OVGA.js[39m[37m[2m | [22m[2mpolyfills[22m    [2m | [22m [36m33.10 kB[39m[37m[2m | [22m               [36m10.72 kB[39m[37m[39m
[37m[32mstyles-IXCL2UTK.css[39m[37m  [2m | [22m[2mstyles[22m       [2m | [22m [36m85 bytes[39m[37m[2m | [22m               [36m85 bytes[39m[37m[39m
[37m[39m
[37m[1m [22m                    [2m | [22m[1mInitial total[22m[2m | [22m[1m213.84 kB[22m[2m | [22m               [1m59.42 kB[22m[39m
[37m[39m
[37mOutput location: /home/runner/work/ng-rspack/ng-rspack/dist/ng-rspack/esbuild[39m
[37m[39m
[37mApplication bundle generation complete. [10.382 seconds][39m
[37m[39m
::endgroup::
::group::✅ > nx run ng-rspack:build:production

PublicPath: (none)
asset index.html 455 bytes [emitted]
asset main.f45a5ed4b2cda7770f92.js 421 KiB [emitted] (name: main)
asset polyfills.20dc7a7b65695a6fa4c7.js 32.8 KiB [emitted] (name: polyfills)
asset styles.1620bfe86cca3951a762.js 499 bytes [emitted] (name: styles)
asset styles.8caa6477d1586f6b9492.css 84 bytes [emitted] (name: styles)
Entrypoint styles 583 bytes = styles.8caa6477d1586f6b9492.css 84 bytes styles.1620bfe86cca3951a762.js 499 bytes
Entrypoint polyfills 32.8 KiB = polyfills.20dc7a7b65695a6fa4c7.js
Entrypoint main 421 KiB = main.f45a5ed4b2cda7770f92.js
orphan modules [orphan] 149 modules
runtime modules 7 modules
+ 91 modules
Rspack 0.6.3 compiled successfully in 13.12 s (389a9154226210f70563)
::endgroup::
::group::✅ > nx run ng-rspack:build-wp:production

- Generating browser application bundles (phase: setup)...
[32m✔[39m Browser application bundle generation complete.
[32m✔[39m Browser application bundle generation complete.
- Copying assets...
[32m✔[39m Copying assets complete.
- Generating index html...
[32m✔[39m Index html generation complete.
[37m[0m[0m[39m
[37m[0m[1mInitial chunk files[22m          [2m | [22m[1mNames[22m        [2m | [22m [1mRaw size[22m[2m | [22m[1mEstimated transfer size[22m[0m[39m
[37m[0m[32mmain.e68e7cbf8feae6b6.js[39m[37m     [2m | [22m[2mmain[22m         [2m | [22m[36m179.83 kB[39m[37m[2m | [22m               [36m48.18 kB[39m[37m[0m[39m
[37m[0m[32mpolyfills.217bf7d4eff80d0e.js[39m[37m[2m | [22m[2mpolyfills[22m    [2m | [22m [36m33.37 kB[39m[37m[2m | [22m               [36m10.73 kB[39m[37m[0m[39m
[37m[0m[32mruntime.6c9861ca6e26c512.js[39m[37m  [2m | [22m[2mruntime[22m      [2m | [22m[36m896 bytes[39m[37m[2m | [22m              [36m508 bytes[39m[37m[0m[39m
[37m[0m[32mstyles.9cc1c87275a936d2.css[39m[37m  [2m | [22m[2mstyles[22m       [2m | [22m [36m85 bytes[39m[37m[2m | [22m               [36m51 bytes[39m[37m[0m[39m
[37m[0m[0m[39m
[37m[0m[1m [22m                            [2m | [22m[1mInitial total[22m[2m | [22m[1m214.16 kB[22m[2m | [22m               [1m59.46 kB[22m[0m[39m
[37m[0m[0m[39m
[37m[0mBuild at: [1m[37m2024-05-02T09:27:50.404Z[39m[37m[22m - Hash: [1m[37m610c6efabecb6db3[39m[37m[22m - Time: [1m[37m17132[39m[37m[22mms[0m[39m
::endgroup::


 NX   Successfully ran targets build, build-wp, build-es for project ng-rspack


total 480K
drwxr-xr-x 2 runner docker 4.0K May  2 09:27 .
drwxr-xr-x 5 runner docker 4.0K May  2 09:27 ..
-rw-r--r-- 1 runner docker  455 May  2 09:27 index.html
-rw-r--r-- 1 runner docker 421K May  2 09:27 main.f45a5ed4b2cda7770f92.js
-rw-r--r-- 1 runner docker  33K May  2 09:27 polyfills.20dc7a7b65695a6fa4c7.js
-rw-r--r-- 1 runner docker  499 May  2 09:27 styles.1620bfe86cca3951a762.js
-rw-r--r-- 1 runner docker   84 May  2 09:27 styles.8caa6477d1586f6b9492.css
total 268K
drwxr-xr-x 2 runner docker 4.0K May  2 09:27 .
drwxr-xr-x 5 runner docker 4.0K May  2 09:27 ..
-rw-r--r-- 1 runner docker  13K May  2 09:27 3rdpartylicenses.txt
-rw-r--r-- 1 runner docker  15K May  2 09:27 favicon.ico
-rw-r--r-- 1 runner docker  809 May  2 09:27 index.html
-rw-r--r-- 1 runner docker 180K May  2 09:27 main.e68e7cbf8feae6b6.js
-rw-r--r-- 1 runner docker  34K May  2 09:27 polyfills.217bf7d4eff80d0e.js
-rw-r--r-- 1 runner docker  896 May  2 09:27 runtime.6c9861ca6e26c512.js
-rw-r--r-- 1 runner docker   85 May  2 09:27 styles.9cc1c87275a936d2.css
total 28K
drwxr-xr-x 3 runner docker 4.0K May  2 09:27 .
drwxr-xr-x 5 runner docker 4.0K May  2 09:27 ..
-rw-r--r-- 1 runner docker  14K May  2 09:27 3rdpartylicenses.txt
drwxr-xr-x 2 runner docker 4.0K May  2 09:27 browser

 NX   Running targets build, build-wp, build-es for project ng-rspack:

- ng-rspack



::group::✅ > nx run ng-rspack:build-es:production

- Building...

[37m[1mInitial chunk files[22m  [2m | [22m[1mNames[22m        [2m | [22m [1mRaw size[22m[2m | [22m[1mEstimated transfer size[22m[39m
[37m[32mmain-MNAIRYWO.js[39m[37m     [2m | [22m[2mmain[22m         [2m | [22m[36m180.65 kB[39m[37m[2m | [22m               [36m48.62 kB[39m[37m[39m
[37m[32mpolyfills-7NI4OVGA.js[39m[37m[2m | [22m[2mpolyfills[22m    [2m | [22m [36m33.10 kB[39m[37m[2m | [22m               [36m10.72 kB[39m[37m[39m
[37m[32mstyles-IXCL2UTK.css[39m[37m  [2m | [22m[2mstyles[22m       [2m | [22m [36m85 bytes[39m[37m[2m | [22m               [36m85 bytes[39m[37m[39m
[37m[39m
[37m[1m [22m                    [2m | [22m[1mInitial total[22m[2m | [22m[1m213.84 kB[22m[2m | [22m               [1m59.42 kB[22m[39m
[37m[39m
[37mOutput location: /home/runner/work/ng-rspack/ng-rspack/dist/ng-rspack/esbuild[39m
[37m[39m
[37mApplication bundle generation complete. [10.613 seconds][39m
[37m[39m
::endgroup::
::group::✅ > nx run ng-rspack:build:production

PublicPath: (none)
asset index.html 455 bytes [emitted]
asset main.f45a5ed4b2cda7770f92.js 421 KiB [emitted] (name: main)
asset polyfills.20dc7a7b65695a6fa4c7.js 32.8 KiB [emitted] (name: polyfills)
asset styles.1620bfe86cca3951a762.js 499 bytes [emitted] (name: styles)
asset styles.8caa6477d1586f6b9492.css 84 bytes [emitted] (name: styles)
Entrypoint styles 583 bytes = styles.8caa6477d1586f6b9492.css 84 bytes styles.1620bfe86cca3951a762.js 499 bytes
Entrypoint polyfills 32.8 KiB = polyfills.20dc7a7b65695a6fa4c7.js
Entrypoint main 421 KiB = main.f45a5ed4b2cda7770f92.js
orphan modules [orphan] 149 modules
runtime modules 7 modules
+ 91 modules
Rspack 0.6.3 compiled successfully in 13.51 s (389a9154226210f70563)
::endgroup::
::group::✅ > nx run ng-rspack:build-wp:production

- Generating browser application bundles (phase: setup)...
[32m✔[39m Browser application bundle generation complete.
[32m✔[39m Browser application bundle generation complete.
- Copying assets...
[32m✔[39m Copying assets complete.
- Generating index html...
[32m✔[39m Index html generation complete.
[37m[0m[0m[39m
[37m[0m[1mInitial chunk files[22m          [2m | [22m[1mNames[22m        [2m | [22m [1mRaw size[22m[2m | [22m[1mEstimated transfer size[22m[0m[39m
[37m[0m[32mmain.e68e7cbf8feae6b6.js[39m[37m     [2m | [22m[2mmain[22m         [2m | [22m[36m179.83 kB[39m[37m[2m | [22m               [36m48.18 kB[39m[37m[0m[39m
[37m[0m[32mpolyfills.217bf7d4eff80d0e.js[39m[37m[2m | [22m[2mpolyfills[22m    [2m | [22m [36m33.37 kB[39m[37m[2m | [22m               [36m10.73 kB[39m[37m[0m[39m
[37m[0m[32mruntime.6c9861ca6e26c512.js[39m[37m  [2m | [22m[2mruntime[22m      [2m | [22m[36m896 bytes[39m[37m[2m | [22m              [36m508 bytes[39m[37m[0m[39m
[37m[0m[32mstyles.9cc1c87275a936d2.css[39m[37m  [2m | [22m[2mstyles[22m       [2m | [22m [36m85 bytes[39m[37m[2m | [22m               [36m51 bytes[39m[37m[0m[39m
[37m[0m[0m[39m
[37m[0m[1m [22m                            [2m | [22m[1mInitial total[22m[2m | [22m[1m214.16 kB[22m[2m | [22m               [1m59.46 kB[22m[0m[39m
[37m[0m[0m[39m
[37m[0mBuild at: [1m[37m2024-05-02T09:29:26.131Z[39m[37m[22m - Hash: [1m[37m610c6efabecb6db3[39m[37m[22m - Time: [1m[37m17640[39m[37m[22mms[0m[39m
::endgroup::


 NX   Successfully ran targets build, build-wp, build-es for project ng-rspack


total 480K
drwxr-xr-x 2 runner docker 4.0K May  2 09:29 .
drwxr-xr-x 5 runner docker 4.0K May  2 09:29 ..
-rw-r--r-- 1 runner docker  455 May  2 09:29 index.html
-rw-r--r-- 1 runner docker 421K May  2 09:29 main.f45a5ed4b2cda7770f92.js
-rw-r--r-- 1 runner docker  33K May  2 09:29 polyfills.20dc7a7b65695a6fa4c7.js
-rw-r--r-- 1 runner docker  499 May  2 09:29 styles.1620bfe86cca3951a762.js
-rw-r--r-- 1 runner docker   84 May  2 09:29 styles.8caa6477d1586f6b9492.css
total 268K
drwxr-xr-x 2 runner docker 4.0K May  2 09:29 .
drwxr-xr-x 5 runner docker 4.0K May  2 09:29 ..
-rw-r--r-- 1 runner docker  13K May  2 09:29 3rdpartylicenses.txt
-rw-r--r-- 1 runner docker  15K May  2 09:29 favicon.ico
-rw-r--r-- 1 runner docker  809 May  2 09:29 index.html
-rw-r--r-- 1 runner docker 180K May  2 09:29 main.e68e7cbf8feae6b6.js
-rw-r--r-- 1 runner docker  34K May  2 09:29 polyfills.217bf7d4eff80d0e.js
-rw-r--r-- 1 runner docker  896 May  2 09:29 runtime.6c9861ca6e26c512.js
-rw-r--r-- 1 runner docker   85 May  2 09:29 styles.9cc1c87275a936d2.css
total 252K
drwxr-xr-x 2 runner docker 4.0K May  2 09:29 .
drwxr-xr-x 3 runner docker 4.0K May  2 09:29 ..
-rw-r--r-- 1 runner docker  15K May  2 09:29 favicon.ico
-rw-r--r-- 1 runner docker  713 May  2 09:29 index.html
-rw-r--r-- 1 runner docker 181K May  2 09:29 main-MNAIRYWO.js
-rw-r--r-- 1 runner docker  34K May  2 09:29 polyfills-7NI4OVGA.js
-rw-r--r-- 1 runner docker   85 May  2 09:29 styles-IXCL2UTK.css
